<?xml version="1.0" encoding="UTF-8"?>
<!-- Generated by org.testng.reporters.JUnitReportReporter -->
<testsuite hostname="LAPTOP-QQUU9RBV" failures="0" tests="3" name="Pushadetails.GotdetailsofPushpa" time="14.585" errors="0" timestamp="2022-11-22T18:43:02 IST" skipped="0">
  <testcase classname="Pushadetails.GotdetailsofPushpa" name="detchdatafromIMDB" time="10.219"/>
  <system-out/>
  <testcase classname="Pushadetails.GotdetailsofPushpa" name="detchdatafromwiki" time="4.362"/>
  <system-out/>
  <testcase classname="Pushadetails.GotdetailsofPushpa" name="comparedetails" time="0.004"/>
  <system-out/>
</testsuite> <!-- Pushadetails.GotdetailsofPushpa -->
