<?xml version="1.0" encoding="UTF-8"?>
<!-- Generated by org.testng.reporters.JUnitReportReporter -->
<testsuite hostname="LAPTOP-QQUU9RBV" failures="0" tests="3" name="Pushadetails.GotdetailsfromIMDB" time="14.208" errors="0" timestamp="2022-11-22T18:38:44 IST" skipped="0">
  <testcase classname="Pushadetails.GotdetailsfromIMDB" name="detchdatafromIMDB" time="9.804"/>
  <system-out/>
  <testcase classname="Pushadetails.GotdetailsfromIMDB" name="detchdatafromwiki" time="4.399"/>
  <system-out/>
  <testcase classname="Pushadetails.GotdetailsfromIMDB" name="comparedetails" time="0.005"/>
  <system-out/>
</testsuite> <!-- Pushadetails.GotdetailsfromIMDB -->
